<?xml version="1.0" encoding="UTF-8"?>
<beans xmlns="http://www.springframework.org/schema/beans"
       xmlns:xsi="http://www.w3.org/2001/XMLSchema-instance"
       xmlns:context="http://www.springframework.org/schema/context"
       xmlns:mockito="http://www.mockito.org/spring/mockito" xmlns:util="http://www.springframework.org/schema/util"
       xsi:schemaLocation="http://www.springframework.org/schema/beans
     http://www.springframework.org/schema/beans/spring-beans-3.0.xsd
     http://www.springframework.org/schema/context
     http://www.springframework.org/schema/context/spring-context-3.0.xsd http://www.mockito.org/spring/mockito http://www.mockito.org/spring/mockito.xsd http://www.springframework.org/schema/util http://www.springframework.org/schema/util/spring-util.xsd">

    <!-- 引入属性文件,config.properties位于src/main/resources目录下 -->
    <context:property-placeholder location="classpath:config.properties"/>

    <!-- 自动扫描dao和service包(自动注入)  -->
    <context:component-scan base-package="com.neo.engine.action"/>

    <bean id="action-01" class="com.neo.engine.action.ActionNode">
        <constructor-arg name="id" value="1"/>
        <constructor-arg name="pid" value="1"/>
        <constructor-arg name="nid" value="2"/>
        <constructor-arg name="groudid" value="1"/>
        <constructor-arg name="actionBean" value="bsStartAction"/>
    </bean>
    <bean id="action-02" class="com.neo.engine.action.ActionNode">
        <constructor-arg name="id" value="2"/>
        <constructor-arg name="pid" value="1"/>
        <constructor-arg name="nid" value="3"/>
        <constructor-arg name="groudid" value="1"/>
        <constructor-arg name="actionBean" value="bsPreProcessAction"/>
    </bean>
    <bean id="action-03" class="com.neo.engine.action.ActionNode">
        <constructor-arg name="id" value="3"/>
        <constructor-arg name="pid" value="2"/>
        <constructor-arg name="nid" value="4"/>
        <constructor-arg name="groudid" value="1"/>
        <constructor-arg name="actionBean" value="bsPersistentAction"/>
    </bean>
    <bean id="action-04" class="com.neo.engine.action.ActionNode">
        <constructor-arg name="id" value="4"/>
        <constructor-arg name="pid" value="3"/>
        <constructor-arg name="nid" value="5"/>
        <constructor-arg name="groudid" value="1"/>
        <constructor-arg name="actionBean" value="bsPostProcessAction"/>
    </bean>
    <bean id="action-05" class="com.neo.engine.action.ActionNode">
        <constructor-arg name="id" value="5"/>
        <constructor-arg name="pid" value="4"/>
        <constructor-arg name="nid" value="5"/>
        <constructor-arg name="groudid" value="1"/>
        <constructor-arg name="actionBean" value="bsEndAction"/>
    </bean>
    <util:list id="actionNodes" value-type="com.neo.engine.action.ActionNode">
        <ref bean="action-01"/>
        <ref bean="action-02"/>
        <ref bean="action-03"/>
        <ref bean="action-04"/>
        <ref bean="action-05"/>
    </util:list>
    <!--<util:list id="handlerChains" value-type=" com.neo.engine.chain.IHandler">-->
        <!--<ref bean="postProcessorHandler"/>-->
        <!--<ref bean="prePocessorHandler"/>-->
    <!--</util:list>-->
</beans>