<?xml version="1.0" encoding="UTF-8"?>
<beans xmlns="http://www.springframework.org/schema/beans"
       xmlns:xsi="http://www.w3.org/2001/XMLSchema-instance"
       xmlns:context="http://www.springframework.org/schema/context"
       xmlns:mockito="http://www.mockito.org/spring/mockito"
       xsi:schemaLocation="http://www.springframework.org/schema/beans
     http://www.springframework.org/schema/beans/spring-beans-3.0.xsd
     http://www.springframework.org/schema/context
     http://www.springframework.org/schema/context/spring-context-3.0.xsd http://www.mockito.org/spring/mockito http://www.mockito.org/spring/mockito.xsd">

    <!-- 引入属性文件,config.properties位于src/main/resources目录下 -->
    <context:property-placeholder location="classpath:config.properties"/>

    <!-- 自动扫描dao和service包(自动注入)  -->
    <context:component-scan base-package="com.neo.order.dao" use-default-filters="false">
        <context:include-filter type="assignable" expression="com.neo.order.dao.OrderOpDaoImpl"/>
    </context:component-scan>

    <bean id="mockOrderOpService" class="com.neo.order.service.impl.OrderOpServiceImpl" autowire="no"/>

    <!--<bean id="itemOpService" class="org.mockito.Mockito" factory-method="mock">-->
        <!--<constructor-arg value="com.neo.order.service.IItemOpService"/>-->
    <!--</bean>-->
   <!-- <mockito:mock id="itemOpService" class="com.neo.order.service.IItemOpService"/>-->
    <!--<bean id="orderOpDao" class="com.neo.order.dao.OrderOpDaoImpl" autowire="byName"/>-->
</beans>